<?xml version="1.0" encoding="UTF-8"?>
<!-- Generated by org.testng.reporters.JUnitReportReporter -->
<testsuite skipped="0" hostname="instructor-pc" name="com.example.testng.TestDemo2" tests="1" failures="0" timestamp="2020-01-14T10:59:22 KST" time="0.019" errors="0">
  <testcase name="assertTest2" time="0.019" classname="com.example.testng.TestDemo2"/>
</testsuite> <!-- com.example.testng.TestDemo2 -->
